<?xml version="1.0" encoding="UTF-8"?>
<testng-results ignored="0" total="1" passed="1" failed="0" skipped="0">
  <reporter-output>
  </reporter-output>
  <suite started-at="2021-10-20T12:21:58 IST" name="Default suite" finished-at="2021-10-20T12:22:05 IST" duration-ms="6872">
    <groups>
    </groups>
    <test started-at="2021-10-20T12:21:58 IST" name="Default test" finished-at="2021-10-20T12:22:05 IST" duration-ms="6872">
      <class name="com.qa.Test.LoginPageTest">
        <test-method is-config="true" signature="Start()[pri:0, instance:com.qa.Test.LoginPageTest@4803b726]" started-at="2021-10-20T12:21:58 IST" name="Start" finished-at="2021-10-20T12:22:04 IST" duration-ms="5618" status="PASS">
          <reporter-output>
          </reporter-output>
        </test-method> <!-- Start -->
        <test-method is-config="true" signature="Setup()[pri:0, instance:com.qa.Test.LoginPageTest@4803b726]" started-at="2021-10-20T12:22:04 IST" name="Setup" finished-at="2021-10-20T12:22:04 IST" duration-ms="51" status="PASS">
          <reporter-output>
          </reporter-output>
        </test-method> <!-- Setup -->
        <test-method signature="LoginPage_Title_Test()[pri:0, instance:com.qa.Test.LoginPageTest@4803b726]" started-at="2021-10-20T12:22:04 IST" name="LoginPage_Title_Test" finished-at="2021-10-20T12:22:04 IST" duration-ms="435" status="PASS">
          <reporter-output>
          </reporter-output>
        </test-method> <!-- LoginPage_Title_Test -->
        <test-method is-config="true" signature="screenShot(org.testng.ITestResult)[pri:0, instance:com.qa.Test.LoginPageTest@4803b726]" started-at="2021-10-20T12:22:04 IST" name="screenShot" finished-at="2021-10-20T12:22:04 IST" duration-ms="3" status="PASS">
          <params>
            <param index="0">
              <value>
                <![CDATA[[TestResult name=LoginPage_Title_Test status=SUCCESS method=LoginPageTest.LoginPage_Title_Test()[pri:0, instance:com.qa.Test.LoginPageTest@4803b726] output={null}]]]>
              </value>
            </param>
          </params>
          <reporter-output>
          </reporter-output>
        </test-method> <!-- screenShot -->
        <test-method is-config="true" signature="TearDown()[pri:0, instance:com.qa.Test.LoginPageTest@4803b726]" started-at="2021-10-20T12:22:04 IST" name="TearDown" finished-at="2021-10-20T12:22:05 IST" duration-ms="705" status="PASS">
          <reporter-output>
          </reporter-output>
        </test-method> <!-- TearDown -->
      </class> <!-- com.qa.Test.LoginPageTest -->
    </test> <!-- Default test -->
  </suite> <!-- Default suite -->
</testng-results>
